<?xml version="1.0" encoding="UTF-8"?>
<!-- Generated by org.testng.reporters.JUnitXMLReporter -->
<testsuite hostname="Vijay" name="Trainer Logins Tests" tests="3" failures="0" timestamp="13 Jun 2018 10:39:57 GMT" time="189.262" errors="0">
  <testcase name="TrainerLogin" time="32.597" classname="com.trainer.qa.testcases.LoginTest"/>
  <testcase name="GmailLogin" time="23.493" classname="com.trainer.qa.testcases.GmailLoginTest"/>
  <testcase name="FacebookLogin" time="25.477" classname="com.trainer.qa.testcases.FacebookLoginTest"/>
</testsuite> <!-- Trainer Logins Tests -->
